<?xml version="1.0" encoding="UTF-8"?>
<!-- Generated by org.testng.reporters.JUnitReportReporter -->
<testsuite hostname="LPMB-KOl-Sahelee.local" name="com.fusioncharts.apitest.getTimeSelection_setTimeSelection" tests="1" failures="0" timestamp="10 Dec 2019 08:18:13 GMT" time="0.561" errors="0">
  <testcase name="getSetTimeSelection" time="0.561" classname="com.fusioncharts.apitest.getTimeSelection_setTimeSelection"/>
</testsuite> <!-- com.fusioncharts.apitest.getTimeSelection_setTimeSelection -->
