<?xml version="1.0" encoding="UTF-8"?>
<!-- Generated by org.testng.reporters.JUnitReportReporter -->
<testsuite hostname="LANSA-TEST" failures="0" tests="1" name="com.fusioncharts.apitest.ResizeTo" time="3.040" errors="0" timestamp="31 Aug 2020 08:01:55 GMT">
  <testcase classname="com.fusioncharts.apitest.ResizeTo" name="resizeTo" time="3.040"/>
</testsuite> <!-- com.fusioncharts.apitest.ResizeTo -->
