<?xml version="1.0" encoding="UTF-8"?>
<!-- Generated by org.testng.reporters.JUnitReportReporter -->
<testsuite hostname="CELSYS130-BLR" failures="0" tests="1" name="com.froalacharts.apitest.Clone" time="8.793" errors="0" timestamp="29 Oct 2020 09:51:34 GMT">
  <testcase classname="com.froalacharts.apitest.Clone" name="cloneAPI" time="8.793"/>
</testsuite> <!-- com.froalacharts.apitest.Clone -->
