<?xml version="1.0" encoding="UTF-8"?>
<!-- Generated by org.testng.reporters.JUnitReportReporter -->
<testsuite hostname="CELSYS130-BLR" failures="0" tests="1" name="com.froalacharts.apitest.AddRemoveEventListener" time="42.472" errors="0" timestamp="29 Oct 2020 09:51:33 GMT">
  <testcase classname="com.froalacharts.apitest.AddRemoveEventListener" name="addRemoveEventListener" time="42.472"/>
</testsuite> <!-- com.froalacharts.apitest.AddRemoveEventListener -->
