<?xml version="1.0" encoding="UTF-8"?>
<!-- Generated by org.testng.reporters.JUnitReportReporter -->
<testsuite hostname="LANSA-TEST" failures="0" tests="1" name="com.froalacharts.apitest.AddRemoveEventListener" time="41.473" errors="0" timestamp="7 Sep 2020 08:24:50 GMT">
  <testcase classname="com.froalacharts.apitest.AddRemoveEventListener" name="addRemoveEventListener" time="41.473"/>
</testsuite> <!-- com.froalacharts.apitest.AddRemoveEventListener -->
