<?xml version="1.0" encoding="UTF-8"?>
<!-- Generated by org.testng.reporters.JUnitReportReporter -->
<testsuite hostname="LANSA-TEST" failures="0" tests="1" name="com.fusioncharts.apitest.LockResize" time="5.808" errors="0" timestamp="31 Aug 2020 08:01:55 GMT">
  <testcase classname="com.fusioncharts.apitest.LockResize" name="lockResize" time="5.808"/>
</testsuite> <!-- com.fusioncharts.apitest.LockResize -->
