<?xml version="1.0" encoding="UTF-8"?>
<!-- Generated by org.testng.reporters.JUnitReportReporter -->
<testsuite hostname="LANSA-TEST" failures="0" tests="1" name="com.fusioncharts.apitest.GetSetChartAttribute" time="8.579" errors="0" timestamp="31 Aug 2020 08:01:55 GMT">
  <testcase classname="com.fusioncharts.apitest.GetSetChartAttribute" name="getSetChartAttribute" time="8.579"/>
</testsuite> <!-- com.fusioncharts.apitest.GetSetChartAttribute -->
