<?xml version="1.0" encoding="UTF-8"?>
<!-- Generated by org.testng.reporters.JUnitReportReporter -->
<testsuite hostname="CELSYS130-BLR" failures="0" tests="1" name="com.froalacharts.apitest.GetObjectReference" time="10.201" errors="0" timestamp="27 Oct 2020 14:00:54 GMT">
  <testcase classname="com.froalacharts.apitest.GetObjectReference" name="getObjectReference" time="10.201"/>
</testsuite> <!-- com.froalacharts.apitest.GetObjectReference -->
