<?xml version="1.0" encoding="UTF-8"?>
<!-- Generated by org.testng.reporters.JUnitReportReporter -->
<testsuite hostname="Souviks-MacBook-Pro.local" failures="0" tests="1" name="com.fusioncharts.apitest.HasRendered" time="0.351" errors="0" timestamp="25 Feb 2020 09:39:01 GMT">
  <testcase classname="com.fusioncharts.apitest.HasRendered" name="hasRendered" time="0.351"/>
</testsuite> <!-- com.fusioncharts.apitest.HasRendered -->
