<?xml version="1.0" encoding="UTF-8"?>
<!-- Generated by org.testng.reporters.JUnitReportReporter -->
<testsuite hostname="Souviks-MacBook-Pro.local" failures="0" tests="1" name="com.fusioncharts.apitest.Render" time="0.474" errors="0" timestamp="14 Nov 2019 08:40:02 GMT">
  <testcase classname="com.fusioncharts.apitest.Render" name="render" time="0.474"/>
</testsuite> <!-- com.fusioncharts.apitest.Render -->
