<?xml version="1.0" encoding="UTF-8"?>
<!-- Generated by org.testng.reporters.JUnitReportReporter -->
<testsuite hostname="CELSYS130-BLR" failures="0" tests="1" name="com.froalacharts.apitest.ResizeTo" time="3.062" errors="0" timestamp="29 Oct 2020 09:51:34 GMT">
  <testcase classname="com.froalacharts.apitest.ResizeTo" name="resizeTo" time="3.062"/>
</testsuite> <!-- com.froalacharts.apitest.ResizeTo -->
