<?xml version="1.0" encoding="UTF-8"?>
<!-- Generated by org.testng.reporters.JUnitReportReporter -->
<testsuite hostname="CELSYS130-BLR" failures="0" tests="1" name="com.froalacharts.apitest.GetSetTimeSelection" time="0.195" errors="0" timestamp="27 Oct 2020 14:00:54 GMT">
  <testcase classname="com.froalacharts.apitest.GetSetTimeSelection" name="getSetTimeSelection" time="0.195"/>
</testsuite> <!-- com.froalacharts.apitest.GetSetTimeSelection -->
