<?xml version="1.0" encoding="UTF-8"?>
<!-- Generated by org.testng.reporters.JUnitReportReporter -->
<testsuite hostname="Souviks-MacBook-Pro.local" failures="0" tests="1" name="com.fusioncharts.testcases.CommonAPIs" time="0.031" errors="0" timestamp="14 Nov 2019 07:56:58 GMT">
  <testcase classname="com.fusioncharts.testcases.CommonAPIs" name="hasRendered" time="0.031"/>
</testsuite> <!-- com.fusioncharts.testcases.CommonAPIs -->
