<?xml version="1.0" encoding="UTF-8"?>
<!-- Generated by org.testng.reporters.JUnitReportReporter -->
<testsuite hostname="LANSA-TEST" failures="0" tests="1" name="com.froalacharts.apitest.GetSetTimeSelection" time="0.261" errors="0" timestamp="7 Sep 2020 08:24:50 GMT">
  <testcase classname="com.froalacharts.apitest.GetSetTimeSelection" name="getSetTimeSelection" time="0.261"/>
</testsuite> <!-- com.froalacharts.apitest.GetSetTimeSelection -->
