<?xml version="1.0" encoding="UTF-8"?>
<!-- Generated by org.testng.reporters.JUnitReportReporter -->
<testsuite hostname="CELSYS130-BLR" failures="0" tests="1" name="com.froalacharts.apitest.GetSVGString" time="0.115" errors="0" timestamp="29 Oct 2020 09:51:34 GMT">
  <testcase classname="com.froalacharts.apitest.GetSVGString" name="getSVGString" time="0.115"/>
</testsuite> <!-- com.froalacharts.apitest.GetSVGString -->
