<?xml version="1.0" encoding="UTF-8"?>
<!-- Generated by org.testng.reporters.JUnitReportReporter -->
<testsuite hostname="CELSYS130-BLR" failures="0" tests="1" name="com.froalacharts.apitest.GetSVGString" time="0.036" errors="0" timestamp="27 Oct 2020 14:00:54 GMT">
  <testcase classname="com.froalacharts.apitest.GetSVGString" name="getSVGString" time="0.036"/>
</testsuite> <!-- com.froalacharts.apitest.GetSVGString -->
