<?xml version="1.0" encoding="UTF-8"?>
<!-- Generated by org.testng.reporters.JUnitReportReporter -->
<testsuite hostname="Souviks-MacBook-Pro.local" failures="0" tests="3" name="com.fusioncharts.apitest.CommonAPIs" time="2.138" errors="0" timestamp="13 Nov 2019 12:55:21 GMT">
  <testcase classname="com.fusioncharts.apitest.CommonAPIs" name="verifyAPIExistsInDataSheetAddEventListener" time="0.006"/>
  <testcase classname="com.fusioncharts.apitest.CommonAPIs" name="verifyAPIAddEventListener" time="2.083"/>
  <testcase classname="com.fusioncharts.apitest.CommonAPIs" name="verifyChartIsRenderedAddEventListener" time="0.049"/>
</testsuite> <!-- com.fusioncharts.apitest.CommonAPIs -->
